<?xml version="1.0" encoding="UTF-8"?>
<!-- Generated by org.testng.reporters.JUnitReportReporter -->
<testsuite hostname="Nikhil" failures="0" tests="3" name="com.main.testcases.LoginPageTest" time="36.370" errors="0" timestamp="2025-03-04T17:02:02 IST" skipped="0">
  <testcase classname="com.main.testcases.LoginPageTest" name="checkingEmailTextBox" time="10.458"/>
  <system-out/>
  <testcase classname="com.main.testcases.LoginPageTest" name="checkingPasswordTextBox" time="17.318"/>
  <system-out/>
  <testcase classname="com.main.testcases.LoginPageTest" name="checkingMainLoginButton" time="8.594"/>
  <system-out/>
</testsuite> <!-- com.main.testcases.LoginPageTest -->
