<?xml version="1.0" encoding="UTF-8"?>
<!-- Generated by org.testng.reporters.JUnitReportReporter -->
<testsuite hostname="Nikhil" failures="0" tests="2" name="com.main.testcases.HomepageTest" time="7.003" errors="0" timestamp="2025-03-05T12:01:39 IST" skipped="0">
  <testcase classname="com.main.testcases.HomepageTest" name="verifyDropdownSection" time="3.030"/>
  <testcase classname="com.main.testcases.HomepageTest" name="verifyLoginDropdown" time="3.973"/>
</testsuite> <!-- com.main.testcases.HomepageTest -->
