<?xml version="1.0" encoding="UTF-8"?>
<!-- Generated by org.testng.reporters.JUnitReportReporter -->
<testsuite hostname="Nikhil" failures="0" tests="3" name="com.main.testcases.LoginPageTest" time="10.378" errors="0" timestamp="2025-03-10T23:29:05 IST" skipped="0">
  <testcase classname="com.main.testcases.LoginPageTest" name="checkingEmailTextBox" time="3.136"/>
  <testcase classname="com.main.testcases.LoginPageTest" name="checkingPasswordTextBox" time="3.697"/>
  <testcase classname="com.main.testcases.LoginPageTest" name="checkingMainLoginButton" time="3.545"/>
</testsuite> <!-- com.main.testcases.LoginPageTest -->
