<?xml version="1.0" encoding="UTF-8"?>
<!-- Generated by org.testng.reporters.JUnitReportReporter -->
<testsuite hostname="Nikhil" failures="0" tests="2" name="com.main.testcases.HomepageTest" time="9.656" errors="0" timestamp="2025-03-10T23:11:32 IST" skipped="0">
  <testcase classname="com.main.testcases.HomepageTest" name="verifyDropdownSection" time="5.546"/>
  <testcase classname="com.main.testcases.HomepageTest" name="verifyLoginDropdown" time="4.110"/>
</testsuite> <!-- com.main.testcases.HomepageTest -->
