<?xml version="1.0" encoding="UTF-8"?>
<!-- Generated by org.testng.reporters.JUnitReportReporter -->
<testsuite hostname="Nikhil" failures="0" tests="3" name="com.main.testcases.AccountPageTest" time="14.134" errors="0" timestamp="2025-03-10T23:29:05 IST" skipped="0">
  <testcase classname="com.main.testcases.AccountPageTest" name="checkingAccountpageElement" time="5.212"/>
  <testcase classname="com.main.testcases.AccountPageTest" name="checkingDesktopElement" time="4.832"/>
  <testcase classname="com.main.testcases.AccountPageTest" name="verifyUrl" time="4.090"/>
</testsuite> <!-- com.main.testcases.AccountPageTest -->
