<?xml version="1.0" encoding="UTF-8"?>
<!-- Generated by org.testng.reporters.JUnitReportReporter -->
<testsuite hostname="Nikhil" failures="0" tests="3" name="com.main.testcases.LoginPageTest" time="13.490" errors="0" timestamp="2025-03-07T22:45:22 IST" skipped="0">
  <testcase classname="com.main.testcases.LoginPageTest" name="checkingEmailTextBox" time="4.073"/>
  <system-out/>
  <testcase classname="com.main.testcases.LoginPageTest" name="checkingPasswordTextBox" time="4.965"/>
  <system-out/>
  <testcase classname="com.main.testcases.LoginPageTest" name="checkingMainLoginButton" time="4.452"/>
  <system-out/>
</testsuite> <!-- com.main.testcases.LoginPageTest -->
