<?xml version="1.0" encoding="UTF-8"?>
<!-- Generated by org.testng.reporters.JUnitReportReporter -->
<testsuite hostname="Nikhil" failures="0" tests="2" name="com.main.testcases.HomepageTest" time="9.410" errors="0" timestamp="2025-03-07T21:24:12 IST" skipped="0">
  <testcase classname="com.main.testcases.HomepageTest" name="verifyDropdownSection" time="2.971"/>
  <testcase classname="com.main.testcases.HomepageTest" name="verifyLoginDropdown" time="6.439"/>
</testsuite> <!-- com.main.testcases.HomepageTest -->
