<?xml version="1.0" encoding="UTF-8"?>
<!-- Generated by org.testng.reporters.JUnitReportReporter -->
<testsuite hostname="Nikhil" failures="0" tests="3" name="com.main.testcases.AccountPageTest" time="15.914" errors="0" timestamp="2025-03-07T22:23:36 IST" skipped="0">
  <testcase classname="com.main.testcases.AccountPageTest" name="checkingAccountpageElement" time="4.641"/>
  <system-out/>
  <testcase classname="com.main.testcases.AccountPageTest" name="checkingDesktopElement" time="5.870"/>
  <system-out/>
  <testcase classname="com.main.testcases.AccountPageTest" name="verifyUrl" time="5.403"/>
  <system-out/>
</testsuite> <!-- com.main.testcases.AccountPageTest -->
