<?xml version="1.0" encoding="UTF-8"?>
<!-- Generated by org.testng.reporters.JUnitReportReporter -->
<testsuite hostname="Nikhil" failures="0" tests="4" name="com.main.testcases.AccountPageTest" time="21.857" errors="0" timestamp="2025-03-07T22:45:22 IST" skipped="1">
  <testcase classname="com.main.testcases.AccountPageTest" name="checkingAccountpageElement" time="5.669"/>
  <system-out/>
  <testcase classname="com.main.testcases.AccountPageTest" name="checkingDesktopElement" time="5.791">
    <skipped/>
  </testcase> <!-- checkingDesktopElement -->
  <system-out/>
  <testcase classname="com.main.testcases.AccountPageTest" name="checkingDesktopElement" time="5.074"/>
  <system-out/>
  <testcase classname="com.main.testcases.AccountPageTest" name="verifyUrl" time="5.323"/>
  <system-out/>
</testsuite> <!-- com.main.testcases.AccountPageTest -->
