<?xml version="1.0" encoding="UTF-8"?>
<!-- Generated by org.testng.reporters.JUnitReportReporter -->
<testsuite hostname="Nikhil" failures="0" tests="3" name="com.main.testcases.LoginPageTest" time="9.589" errors="0" timestamp="2025-03-07T21:24:12 IST" skipped="0">
  <testcase classname="com.main.testcases.LoginPageTest" name="checkingEmailTextBox" time="3.177"/>
  <testcase classname="com.main.testcases.LoginPageTest" name="checkingPasswordTextBox" time="3.072"/>
  <testcase classname="com.main.testcases.LoginPageTest" name="checkingMainLoginButton" time="3.340"/>
</testsuite> <!-- com.main.testcases.LoginPageTest -->
