<?xml version="1.0" encoding="UTF-8"?>
<!-- Generated by org.testng.reporters.JUnitReportReporter -->
<testsuite hostname="Nikhil" failures="0" tests="3" name="com.main.testcases.LoginPageTest" time="10.431" errors="0" timestamp="2025-03-07T21:40:24 IST" skipped="0">
  <testcase classname="com.main.testcases.LoginPageTest" name="checkingEmailTextBox" time="3.319"/>
  <system-out/>
  <testcase classname="com.main.testcases.LoginPageTest" name="checkingPasswordTextBox" time="3.722"/>
  <system-out/>
  <testcase classname="com.main.testcases.LoginPageTest" name="checkingMainLoginButton" time="3.390"/>
  <system-out/>
</testsuite> <!-- com.main.testcases.LoginPageTest -->
