<?xml version="1.0" encoding="UTF-8"?>
<!-- Generated by org.testng.reporters.JUnitReportReporter -->
<testsuite hostname="Nikhil" failures="0" tests="3" name="com.main.testcases.AccountPageTest" time="15.881" errors="0" timestamp="2025-03-07T23:25:53 IST" skipped="0">
  <testcase classname="com.main.testcases.AccountPageTest" name="checkingAccountpageElement" time="5.199"/>
  <system-out/>
  <testcase classname="com.main.testcases.AccountPageTest" name="checkingDesktopElement" time="6.031"/>
  <system-out/>
  <testcase classname="com.main.testcases.AccountPageTest" name="verifyUrl" time="4.651"/>
  <system-out/>
</testsuite> <!-- com.main.testcases.AccountPageTest -->
