<?xml version="1.0" encoding="UTF-8"?>
<!-- Generated by org.testng.reporters.JUnitReportReporter -->
<testsuite hostname="Nikhil" failures="0" tests="3" name="com.main.testcases.LoginPageTest" time="9.443" errors="0" timestamp="2025-03-07T22:23:36 IST" skipped="0">
  <testcase classname="com.main.testcases.LoginPageTest" name="checkingEmailTextBox" time="3.166"/>
  <system-out/>
  <testcase classname="com.main.testcases.LoginPageTest" name="checkingPasswordTextBox" time="2.942"/>
  <system-out/>
  <testcase classname="com.main.testcases.LoginPageTest" name="checkingMainLoginButton" time="3.335"/>
  <system-out/>
</testsuite> <!-- com.main.testcases.LoginPageTest -->
