<?xml version="1.0" encoding="UTF-8"?>
<!-- Generated by org.testng.reporters.JUnitReportReporter -->
<testsuite hostname="Nikhil" failures="0" tests="2" name="com.main.testcases.HomepageTest" time="11.671" errors="0" timestamp="2025-03-07T22:45:22 IST" skipped="0">
  <testcase classname="com.main.testcases.HomepageTest" name="verifyDropdownSection" time="5.972"/>
  <system-out/>
  <testcase classname="com.main.testcases.HomepageTest" name="verifyLoginDropdown" time="5.699"/>
  <system-out/>
</testsuite> <!-- com.main.testcases.HomepageTest -->
