<?xml version="1.0" encoding="UTF-8"?>
<!-- Generated by org.testng.reporters.JUnitReportReporter -->
<testsuite hostname="Nikhil" failures="0" tests="3" name="com.main.testcases.AccountPageTest" time="15.560" errors="0" timestamp="2025-03-10T23:11:32 IST" skipped="0">
  <testcase classname="com.main.testcases.AccountPageTest" name="checkingAccountpageElement" time="5.750"/>
  <testcase classname="com.main.testcases.AccountPageTest" name="checkingDesktopElement" time="5.325"/>
  <testcase classname="com.main.testcases.AccountPageTest" name="verifyUrl" time="4.485"/>
</testsuite> <!-- com.main.testcases.AccountPageTest -->
