<?xml version="1.0" encoding="UTF-8"?>
<!-- Generated by org.testng.reporters.JUnitReportReporter -->
<testsuite hostname="Nikhil" failures="0" tests="2" name="com.main.testcases.HomepageTest" time="12.664" errors="0" timestamp="2025-03-06T17:16:25 IST" skipped="0">
  <testcase classname="com.main.testcases.HomepageTest" name="verifyDropdownSection" time="3.229"/>
  <testcase classname="com.main.testcases.HomepageTest" name="verifyLoginDropdown" time="9.435"/>
</testsuite> <!-- com.main.testcases.HomepageTest -->
