<?xml version="1.0" encoding="UTF-8"?>
<!-- Generated by org.testng.reporters.JUnitReportReporter -->
<testsuite hostname="Nikhil" failures="0" tests="3" name="com.main.testcases.LoginPageTest" time="12.144" errors="0" timestamp="2025-03-10T23:11:32 IST" skipped="0">
  <testcase classname="com.main.testcases.LoginPageTest" name="checkingEmailTextBox" time="4.106"/>
  <testcase classname="com.main.testcases.LoginPageTest" name="checkingPasswordTextBox" time="4.582"/>
  <testcase classname="com.main.testcases.LoginPageTest" name="checkingMainLoginButton" time="3.456"/>
</testsuite> <!-- com.main.testcases.LoginPageTest -->
