<?xml version="1.0" encoding="UTF-8"?>
<!-- Generated by org.testng.reporters.JUnitReportReporter -->
<testsuite hostname="Nikhil" failures="0" tests="2" name="com.main.testcases.HomepageTest" time="13.808" errors="0" timestamp="2025-03-07T23:25:53 IST" skipped="0">
  <testcase classname="com.main.testcases.HomepageTest" name="verifyDropdownSection" time="3.907"/>
  <system-out/>
  <testcase classname="com.main.testcases.HomepageTest" name="verifyLoginDropdown" time="9.901"/>
  <system-out/>
</testsuite> <!-- com.main.testcases.HomepageTest -->
