<?xml version="1.0" encoding="UTF-8"?>
<!-- Generated by org.testng.reporters.JUnitReportReporter -->
<testsuite hostname="Nikhil" failures="0" tests="3" name="com.main.testcases.AccountPageTest" time="11.991" errors="0" timestamp="2025-03-07T21:24:12 IST" skipped="0">
  <testcase classname="com.main.testcases.AccountPageTest" name="checkingAccountpageElement" time="4.128"/>
  <testcase classname="com.main.testcases.AccountPageTest" name="checkingDesktopElement" time="4.187"/>
  <testcase classname="com.main.testcases.AccountPageTest" name="verifyUrl" time="3.676"/>
</testsuite> <!-- com.main.testcases.AccountPageTest -->
