<?xml version="1.0" encoding="UTF-8"?>
<!-- Generated by org.testng.reporters.JUnitReportReporter -->
<testsuite hostname="Nikhil" failures="0" tests="3" name="com.main.testcases.LoginPageTest" time="9.400" errors="0" timestamp="2025-03-06T17:16:25 IST" skipped="0">
  <testcase classname="com.main.testcases.LoginPageTest" name="checkingEmailTextBox" time="3.172"/>
  <testcase classname="com.main.testcases.LoginPageTest" name="checkingPasswordTextBox" time="3.058"/>
  <testcase classname="com.main.testcases.LoginPageTest" name="checkingMainLoginButton" time="3.170"/>
</testsuite> <!-- com.main.testcases.LoginPageTest -->
