<?xml version="1.0" encoding="UTF-8"?>
<!-- Generated by org.testng.reporters.JUnitReportReporter -->
<testsuite hostname="Nikhil" failures="0" tests="3" name="com.main.testcases.AccountPageTest" time="12.907" errors="0" timestamp="2025-03-07T21:40:24 IST" skipped="0">
  <testcase classname="com.main.testcases.AccountPageTest" name="checkingAccountpageElement" time="4.327"/>
  <system-out/>
  <testcase classname="com.main.testcases.AccountPageTest" name="checkingDesktopElement" time="4.245"/>
  <system-out/>
  <testcase classname="com.main.testcases.AccountPageTest" name="verifyUrl" time="4.335"/>
  <system-out/>
</testsuite> <!-- com.main.testcases.AccountPageTest -->
