<?xml version="1.0" encoding="UTF-8"?>
<!-- Generated by org.testng.reporters.JUnitReportReporter -->
<testsuite hostname="Nikhil" failures="0" tests="2" name="com.main.testcases.HomepageTest" time="10.553" errors="0" timestamp="2025-03-10T23:29:05 IST" skipped="0">
  <testcase classname="com.main.testcases.HomepageTest" name="verifyDropdownSection" time="3.807"/>
  <testcase classname="com.main.testcases.HomepageTest" name="verifyLoginDropdown" time="6.746"/>
</testsuite> <!-- com.main.testcases.HomepageTest -->
