<?xml version="1.0" encoding="UTF-8"?>
<!-- Generated by org.testng.reporters.JUnitReportReporter -->
<testsuite hostname="Nikhil" failures="0" tests="2" name="com.main.testcases.HomepageTest" time="8.635" errors="0" timestamp="2025-03-11T03:26:37 IST" skipped="0">
  <testcase classname="com.main.testcases.HomepageTest" name="verifyDropdownSection" time="3.517"/>
  <testcase classname="com.main.testcases.HomepageTest" name="verifyLoginDropdown" time="5.118"/>
</testsuite> <!-- com.main.testcases.HomepageTest -->
