<?xml version="1.0" encoding="UTF-8"?>
<!-- Generated by org.testng.reporters.JUnitReportReporter -->
<testsuite hostname="Nikhil" failures="0" tests="3" name="com.main.testcases.LoginPageTest" time="10.842" errors="0" timestamp="2025-03-11T03:26:37 IST" skipped="0">
  <testcase classname="com.main.testcases.LoginPageTest" name="checkingEmailTextBox" time="3.868"/>
  <testcase classname="com.main.testcases.LoginPageTest" name="checkingPasswordTextBox" time="3.391"/>
  <testcase classname="com.main.testcases.LoginPageTest" name="checkingMainLoginButton" time="3.583"/>
</testsuite> <!-- com.main.testcases.LoginPageTest -->
