<?xml version="1.0" encoding="UTF-8"?>
<!-- Generated by org.testng.reporters.JUnitReportReporter -->
<testsuite hostname="Nikhil" failures="0" tests="4" name="com.main.testcases.AccountPageTest" time="18.783" errors="0" timestamp="2025-03-11T03:26:37 IST" skipped="0">
  <testcase classname="com.main.testcases.AccountPageTest" name="checkingAccountpageElement" time="4.884"/>
  <testcase classname="com.main.testcases.AccountPageTest" name="checkingDesktopElement" time="5.035"/>
  <testcase classname="com.main.testcases.AccountPageTest" name="verifyUrl" time="4.645"/>
  <testcase classname="com.main.testcases.AccountPageTest" name="verifyTitle" time="4.219"/>
</testsuite> <!-- com.main.testcases.AccountPageTest -->
