<?xml version="1.0" encoding="UTF-8"?>
<!-- Generated by org.testng.reporters.JUnitReportReporter -->
<testsuite hostname="Nikhil" failures="0" tests="3" name="com.main.testcases.LoginPageTest" time="8.509" errors="0" timestamp="2025-03-05T12:01:39 IST" skipped="0">
  <testcase classname="com.main.testcases.LoginPageTest" name="checkingEmailTextBox" time="2.807"/>
  <testcase classname="com.main.testcases.LoginPageTest" name="checkingPasswordTextBox" time="2.861"/>
  <testcase classname="com.main.testcases.LoginPageTest" name="checkingMainLoginButton" time="2.841"/>
</testsuite> <!-- com.main.testcases.LoginPageTest -->
